<?xml version="1.0" encoding="UTF-8"?>
<testng-results skipped="0" failed="0" total="1" passed="1">
  <reporter-output>
  </reporter-output>
  <suite name="Suite" duration-ms="229135" started-at="2020-01-09T12:42:20Z" finished-at="2020-01-09T12:46:09Z">
    <groups>
    </groups>
    <test name="Test" duration-ms="229135" started-at="2020-01-09T12:42:20Z" finished-at="2020-01-09T12:46:09Z">
      <class name="DriverFactory.DriverScript">
        <test-method status="PASS" signature="ERP_Account()[pri:0, instance:DriverFactory.DriverScript@2fc14f68]" name="ERP_Account" duration-ms="229106" started-at="2020-01-09T18:12:20Z" finished-at="2020-01-09T18:16:09Z">
          <reporter-output>
          </reporter-output>
        </test-method> <!-- ERP_Account -->
      </class> <!-- DriverFactory.DriverScript -->
    </test> <!-- Test -->
  </suite> <!-- Suite -->
</testng-results>
